Copyright 1986-2022 Xilinx, Inc. All Rights Reserved. Copyright 2022-2023 Advanced Micro Devices, Inc. All Rights Reserved.
---------------------------------------------------------------------------------------------------------------------------------------------
| Tool Version : Vivado v.2023.2 (win64) Build 4029153 Fri Oct 13 20:14:34 MDT 2023
| Date         : Tue Jun  4 12:11:39 2024
| Host         : MTPC4511 running 64-bit major release  (build 9200)
| Command      : report_control_sets -verbose -file MINIuP_T7_control_sets_placed.rpt
| Design       : MINIuP_T7
| Device       : xc7a100t
---------------------------------------------------------------------------------------------------------------------------------------------

Control Set Information

Table of Contents
-----------------
1. Summary
2. Histogram
3. Flip-Flop Distribution
4. Detailed Control Set Information

1. Summary
----------

+----------------------------------------------------------+-------+
|                          Status                          | Count |
+----------------------------------------------------------+-------+
| Total control sets                                       |     7 |
|    Minimum number of control sets                        |     7 |
|    Addition due to synthesis replication                 |     0 |
|    Addition due to physical synthesis replication        |     0 |
| Unused register locations in slices containing registers |    16 |
+----------------------------------------------------------+-------+
* Control sets can be merged at opt_design using control_set_merge or merge_equivalent_drivers
** Run report_qor_suggestions for automated merging and remapping suggestions


2. Histogram
------------

+--------------------+-------+
|       Fanout       | Count |
+--------------------+-------+
| Total control sets |     7 |
| >= 0 to < 4        |     0 |
| >= 4 to < 6        |     1 |
| >= 6 to < 8        |     0 |
| >= 8 to < 10       |     2 |
| >= 10 to < 12      |     1 |
| >= 12 to < 14      |     1 |
| >= 14 to < 16      |     0 |
| >= 16              |     2 |
+--------------------+-------+
* Control sets can be remapped at either synth_design or opt_design


3. Flip-Flop Distribution
-------------------------

+--------------+-----------------------+------------------------+-----------------+--------------+
| Clock Enable | Synchronous Set/Reset | Asynchronous Set/Reset | Total Registers | Total Slices |
+--------------+-----------------------+------------------------+-----------------+--------------+
| No           | No                    | No                     |               0 |            0 |
| No           | No                    | Yes                    |              88 |           32 |
| No           | Yes                   | No                     |               0 |            0 |
| Yes          | No                    | No                     |               0 |            0 |
| Yes          | No                    | Yes                    |               0 |            0 |
| Yes          | Yes                   | No                     |               0 |            0 |
+--------------+-----------------------+------------------------+-----------------+--------------+


4. Detailed Control Set Information
-----------------------------------

+----------------------+---------------+------------------+------------------+----------------+--------------+
|     Clock Signal     | Enable Signal | Set/Reset Signal | Slice Load Count | Bel Load Count | Bels / Slice |
+----------------------+---------------+------------------+------------------+----------------+--------------+
|  CPUCLK/CLK          |               | CPUCLK/RESETN    |                1 |              4 |         4.00 |
|  CTRL/D[1]           |               | CPUCLK/RESETN    |                3 |              8 |         2.67 |
|  CTRL/Q[1]           |               | CPUCLK/RESETN    |                3 |              8 |         2.67 |
|  CTRL/Q[0]           |               | CPUCLK/RESETN    |                4 |             10 |         2.50 |
|  BCLK/CLK_reg_0      |               | CPUCLK/RESETN    |                4 |             13 |         3.25 |
|  CTRL/Q[2]           |               | CPUCLK/RESETN    |                9 |             16 |         1.78 |
|  CLK100MHZ_IBUF_BUFG |               | CPUCLK/RESETN    |                8 |             29 |         3.62 |
+----------------------+---------------+------------------+------------------+----------------+--------------+


