
*** Running vivado
    with args -log MINIuP_T7.vds -m64 -product Vivado -mode batch -messageDb vivado.pb -notrace -source MINIuP_T7.tcl


ECHO ist ausgeschaltet (OFF).
ECHO ist ausgeschaltet (OFF).

****** Vivado v2023.2 (64-bit)
  **** SW Build 4029153 on Fri Oct 13 20:14:34 MDT 2023
  **** IP Build 4028589 on Sat Oct 14 00:45:43 MDT 2023
  **** SharedData Build 4025554 on Tue Oct 10 17:18:54 MDT 2023
    ** Copyright 1986-2022 Xilinx, Inc. All Rights Reserved.
    ** Copyright 2022-2023 Advanced Micro Devices, Inc. All Rights Reserved.

source MINIuP_T7.tcl -notrace
Command: read_checkpoint -auto_incremental -incremental E:/Labor_3Vorbereitung_fertig/Labor_3Vorbereitung.srcs/utils_1/imports/synth_1/MINIuP_T1.dcp
INFO: [Vivado 12-5825] Read reference checkpoint from E:/Labor_3Vorbereitung_fertig/Labor_3Vorbereitung.srcs/utils_1/imports/synth_1/MINIuP_T1.dcp for incremental synthesis
INFO: [Vivado 12-7989] Please ensure there are no constraint changes
Command: synth_design -top MINIuP_T7 -part xc7a100tcsg324-1
Starting synth_design
Attempting to get a license for feature 'Synthesis' and/or device 'xc7a100t'
INFO: [Common 17-349] Got license for feature 'Synthesis' and/or device 'xc7a100t'
INFO: [Device 21-403] Loading part xc7a100tcsg324-1
INFO: [Designutils 20-5440] No compile time benefit to using incremental synthesis; A full resynthesis will be run
INFO: [Designutils 20-4379] Flow is switching to default flow due to incremental criteria not met. If you would like to alter this behaviour and have the flow terminate instead, please set the following parameter config_implementation {autoIncr.Synth.RejectBehavior Terminate}
INFO: [Synth 8-7079] Multithreading enabled for synth_design using a maximum of 2 processes.
INFO: [Synth 8-7078] Launching helper process for spawning children vivado processes
INFO: [Synth 8-7075] Helper process launched with PID 11868
---------------------------------------------------------------------------------
Starting RTL Elaboration : Time (s): cpu = 00:00:03 ; elapsed = 00:00:04 . Memory (MB): peak = 1339.301 ; gain = 439.852
---------------------------------------------------------------------------------
INFO: [Synth 8-638] synthesizing module 'MINIuP_T7' [E:/Labor_3Vorbereitung_fertig/Labor_3Vorbereitung.srcs/sources_1/imports/design/tasks/MINIuP_T7.vhd:33]
	Parameter divider bound to: 12 - type: integer 
INFO: [Synth 8-3491] module 'Aux_ClockDiv' declared at 'E:/Labor_3Vorbereitung_fertig/Labor_3Vorbereitung.srcs/sources_1/imports/auxmodules/Aux_ClockDiv.vhd:19' bound to instance 'BCLK' of component 'Aux_ClockDiv' [E:/Labor_3Vorbereitung_fertig/Labor_3Vorbereitung.srcs/sources_1/imports/design/tasks/MINIuP_T7.vhd:173]
INFO: [Synth 8-638] synthesizing module 'Aux_ClockDiv' [E:/Labor_3Vorbereitung_fertig/Labor_3Vorbereitung.srcs/sources_1/imports/auxmodules/Aux_ClockDiv.vhd:30]
	Parameter divider bound to: 12 - type: integer 
INFO: [Synth 8-256] done synthesizing module 'Aux_ClockDiv' (0#1) [E:/Labor_3Vorbereitung_fertig/Labor_3Vorbereitung.srcs/sources_1/imports/auxmodules/Aux_ClockDiv.vhd:30]
	Parameter divider bound to: 5000000 - type: integer 
INFO: [Synth 8-3491] module 'Aux_ClockDiv' declared at 'E:/Labor_3Vorbereitung_fertig/Labor_3Vorbereitung.srcs/sources_1/imports/auxmodules/Aux_ClockDiv.vhd:19' bound to instance 'CPUCLK' of component 'Aux_ClockDiv' [E:/Labor_3Vorbereitung_fertig/Labor_3Vorbereitung.srcs/sources_1/imports/design/tasks/MINIuP_T7.vhd:177]
INFO: [Synth 8-638] synthesizing module 'Aux_ClockDiv__parameterized1' [E:/Labor_3Vorbereitung_fertig/Labor_3Vorbereitung.srcs/sources_1/imports/auxmodules/Aux_ClockDiv.vhd:30]
	Parameter divider bound to: 5000000 - type: integer 
INFO: [Synth 8-256] done synthesizing module 'Aux_ClockDiv__parameterized1' (0#1) [E:/Labor_3Vorbereitung_fertig/Labor_3Vorbereitung.srcs/sources_1/imports/auxmodules/Aux_ClockDiv.vhd:30]
INFO: [Synth 8-3491] module 'CtrlUnitV3' declared at 'E:/Labor_3Vorbereitung_fertig/Labor_3Vorbereitung.srcs/sources_1/imports/modules/CtrlUnitV3.vhd:19' bound to instance 'CTRL' of component 'CtrlUnitV3' [E:/Labor_3Vorbereitung_fertig/Labor_3Vorbereitung.srcs/sources_1/imports/design/tasks/MINIuP_T7.vhd:181]
INFO: [Synth 8-638] synthesizing module 'CtrlUnitV3' [E:/Labor_3Vorbereitung_fertig/Labor_3Vorbereitung.srcs/sources_1/imports/modules/CtrlUnitV3.vhd:29]
INFO: [Synth 8-256] done synthesizing module 'CtrlUnitV3' (0#1) [E:/Labor_3Vorbereitung_fertig/Labor_3Vorbereitung.srcs/sources_1/imports/modules/CtrlUnitV3.vhd:29]
INFO: [Synth 8-3491] module 'InstrPtr' declared at 'E:/Labor_3Vorbereitung_fertig/Labor_3Vorbereitung.srcs/sources_1/imports/design/modules/InstrPtr.vhd:19' bound to instance 'IP' of component 'InstrPtr' [E:/Labor_3Vorbereitung_fertig/Labor_3Vorbereitung.srcs/sources_1/imports/design/tasks/MINIuP_T7.vhd:186]
INFO: [Synth 8-638] synthesizing module 'InstrPtr' [E:/Labor_3Vorbereitung_fertig/Labor_3Vorbereitung.srcs/sources_1/imports/design/modules/InstrPtr.vhd:25]
INFO: [Synth 8-256] done synthesizing module 'InstrPtr' (0#1) [E:/Labor_3Vorbereitung_fertig/Labor_3Vorbereitung.srcs/sources_1/imports/design/modules/InstrPtr.vhd:25]
INFO: [Synth 8-3491] module 'ProgROM_Testprog4' declared at 'E:/Labor_3Vorbereitung_fertig/Labor_3Vorbereitung.srcs/sources_1/imports/design/testprgs/ProgROM_Testprog4.vhd:17' bound to instance 'PRG' of component 'ProgROM_Testprog4' [E:/Labor_3Vorbereitung_fertig/Labor_3Vorbereitung.srcs/sources_1/imports/design/tasks/MINIuP_T7.vhd:189]
INFO: [Synth 8-638] synthesizing module 'ProgROM_Testprog4' [E:/Labor_3Vorbereitung_fertig/Labor_3Vorbereitung.srcs/sources_1/imports/design/testprgs/ProgROM_Testprog4.vhd:22]
INFO: [Synth 8-256] done synthesizing module 'ProgROM_Testprog4' (0#1) [E:/Labor_3Vorbereitung_fertig/Labor_3Vorbereitung.srcs/sources_1/imports/design/testprgs/ProgROM_Testprog4.vhd:22]
INFO: [Synth 8-3491] module 'InstrReg' declared at 'E:/Labor_3Vorbereitung_fertig/Labor_3Vorbereitung.srcs/sources_1/imports/design/modules/InstrReg.vhd:18' bound to instance 'IR' of component 'InstrReg' [E:/Labor_3Vorbereitung_fertig/Labor_3Vorbereitung.srcs/sources_1/imports/design/tasks/MINIuP_T7.vhd:191]
INFO: [Synth 8-638] synthesizing module 'InstrReg' [E:/Labor_3Vorbereitung_fertig/Labor_3Vorbereitung.srcs/sources_1/imports/design/modules/InstrReg.vhd:24]
INFO: [Synth 8-256] done synthesizing module 'InstrReg' (0#1) [E:/Labor_3Vorbereitung_fertig/Labor_3Vorbereitung.srcs/sources_1/imports/design/modules/InstrReg.vhd:24]
INFO: [Synth 8-3491] module 'IMUX' declared at 'E:/Labor_3Vorbereitung_fertig/Labor_3Vorbereitung.srcs/sources_1/imports/design/modules/IMUX.vhd:18' bound to instance 'INMUX' of component 'IMUX' [E:/Labor_3Vorbereitung_fertig/Labor_3Vorbereitung.srcs/sources_1/imports/design/tasks/MINIuP_T7.vhd:195]
INFO: [Synth 8-638] synthesizing module 'IMUX' [E:/Labor_3Vorbereitung_fertig/Labor_3Vorbereitung.srcs/sources_1/imports/design/modules/IMUX.vhd:24]
INFO: [Synth 8-256] done synthesizing module 'IMUX' (0#1) [E:/Labor_3Vorbereitung_fertig/Labor_3Vorbereitung.srcs/sources_1/imports/design/modules/IMUX.vhd:24]
INFO: [Synth 8-3491] module 'MicroProgV3' declared at 'E:/Labor_3Vorbereitung_fertig/Labor_3Vorbereitung.srcs/sources_1/imports/modules/MicroProgV3.vhd:18' bound to instance 'MICROPROG' of component 'MicroProgV3' [E:/Labor_3Vorbereitung_fertig/Labor_3Vorbereitung.srcs/sources_1/imports/design/tasks/MINIuP_T7.vhd:197]
INFO: [Synth 8-638] synthesizing module 'MicroProgV3' [E:/Labor_3Vorbereitung_fertig/Labor_3Vorbereitung.srcs/sources_1/imports/modules/MicroProgV3.vhd:27]
INFO: [Synth 8-256] done synthesizing module 'MicroProgV3' (0#1) [E:/Labor_3Vorbereitung_fertig/Labor_3Vorbereitung.srcs/sources_1/imports/modules/MicroProgV3.vhd:27]
INFO: [Synth 8-3491] module 'ALU' declared at 'E:/Labor_3Vorbereitung_fertig/Labor_3Vorbereitung.srcs/sources_1/imports/modules/ALU.vhd:19' bound to instance 'ALUNIT' of component 'ALU' [E:/Labor_3Vorbereitung_fertig/Labor_3Vorbereitung.srcs/sources_1/imports/design/tasks/MINIuP_T7.vhd:201]
INFO: [Synth 8-638] synthesizing module 'ALU' [E:/Labor_3Vorbereitung_fertig/Labor_3Vorbereitung.srcs/sources_1/imports/modules/ALU.vhd:26]
INFO: [Synth 8-226] default block is never used [E:/Labor_3Vorbereitung_fertig/Labor_3Vorbereitung.srcs/sources_1/imports/modules/ALU.vhd:89]
INFO: [Synth 8-256] done synthesizing module 'ALU' (0#1) [E:/Labor_3Vorbereitung_fertig/Labor_3Vorbereitung.srcs/sources_1/imports/modules/ALU.vhd:26]
INFO: [Synth 8-3491] module 'Accu' declared at 'E:/Labor_3Vorbereitung_fertig/Labor_3Vorbereitung.srcs/sources_1/imports/design/modules/Accu.vhd:18' bound to instance 'ACCUREG' of component 'Accu' [E:/Labor_3Vorbereitung_fertig/Labor_3Vorbereitung.srcs/sources_1/imports/design/tasks/MINIuP_T7.vhd:204]
INFO: [Synth 8-638] synthesizing module 'Accu' [E:/Labor_3Vorbereitung_fertig/Labor_3Vorbereitung.srcs/sources_1/imports/design/modules/Accu.vhd:24]
INFO: [Synth 8-256] done synthesizing module 'Accu' (0#1) [E:/Labor_3Vorbereitung_fertig/Labor_3Vorbereitung.srcs/sources_1/imports/design/modules/Accu.vhd:24]
INFO: [Synth 8-3491] module 'OMUX' declared at 'E:/Labor_3Vorbereitung_fertig/Labor_3Vorbereitung.srcs/sources_1/imports/design/modules/OMUX.vhd:18' bound to instance 'OUTMUX' of component 'OMUX' [E:/Labor_3Vorbereitung_fertig/Labor_3Vorbereitung.srcs/sources_1/imports/design/tasks/MINIuP_T7.vhd:207]
INFO: [Synth 8-638] synthesizing module 'OMUX' [E:/Labor_3Vorbereitung_fertig/Labor_3Vorbereitung.srcs/sources_1/imports/design/modules/OMUX.vhd:24]
INFO: [Synth 8-256] done synthesizing module 'OMUX' (0#1) [E:/Labor_3Vorbereitung_fertig/Labor_3Vorbereitung.srcs/sources_1/imports/design/modules/OMUX.vhd:24]
INFO: [Synth 8-3491] module 'OutReg' declared at 'E:/Labor_3Vorbereitung_fertig/Labor_3Vorbereitung.srcs/sources_1/imports/design/modules/OutReg.vhd:18' bound to instance 'OUTPUTREG' of component 'OutReg' [E:/Labor_3Vorbereitung_fertig/Labor_3Vorbereitung.srcs/sources_1/imports/design/tasks/MINIuP_T7.vhd:209]
INFO: [Synth 8-638] synthesizing module 'OutReg' [E:/Labor_3Vorbereitung_fertig/Labor_3Vorbereitung.srcs/sources_1/imports/design/modules/OutReg.vhd:24]
INFO: [Synth 8-256] done synthesizing module 'OutReg' (0#1) [E:/Labor_3Vorbereitung_fertig/Labor_3Vorbereitung.srcs/sources_1/imports/design/modules/OutReg.vhd:24]
	Parameter addrWidth bound to: 8 - type: integer 
	Parameter dataWidth bound to: 8 - type: integer 
INFO: [Synth 8-3491] module 'RAM' declared at 'E:/Labor_3Vorbereitung_fertig/Labor_3Vorbereitung.srcs/sources_1/imports/modules/RAM.vhd:19' bound to instance 'BLOCKRAM' of component 'RAM' [E:/Labor_3Vorbereitung_fertig/Labor_3Vorbereitung.srcs/sources_1/imports/design/tasks/MINIuP_T7.vhd:211]
INFO: [Synth 8-638] synthesizing module 'RAM' [E:/Labor_3Vorbereitung_fertig/Labor_3Vorbereitung.srcs/sources_1/imports/modules/RAM.vhd:32]
	Parameter addrWidth bound to: 8 - type: integer 
	Parameter dataWidth bound to: 8 - type: integer 
INFO: [Synth 8-256] done synthesizing module 'RAM' (0#1) [E:/Labor_3Vorbereitung_fertig/Labor_3Vorbereitung.srcs/sources_1/imports/modules/RAM.vhd:32]
INFO: [Synth 8-3491] module 'InBuffer' declared at 'E:/Labor_3Vorbereitung_fertig/Labor_3Vorbereitung.srcs/sources_1/imports/modules/InBuffer.vhd:18' bound to instance 'INPUTPORT' of component 'InBuffer' [E:/Labor_3Vorbereitung_fertig/Labor_3Vorbereitung.srcs/sources_1/imports/design/tasks/MINIuP_T7.vhd:215]
INFO: [Synth 8-638] synthesizing module 'InBuffer' [E:/Labor_3Vorbereitung_fertig/Labor_3Vorbereitung.srcs/sources_1/imports/modules/InBuffer.vhd:24]
INFO: [Synth 8-256] done synthesizing module 'InBuffer' (0#1) [E:/Labor_3Vorbereitung_fertig/Labor_3Vorbereitung.srcs/sources_1/imports/modules/InBuffer.vhd:24]
INFO: [Synth 8-3491] module 'Aux_AUXMUX' declared at 'E:/Labor_3Vorbereitung_fertig/Labor_3Vorbereitung.srcs/sources_1/imports/design/auxmodules/Aux_AUXMUX.vhd:18' bound to instance 'ACCUSEL' of component 'Aux_AUXMUX' [E:/Labor_3Vorbereitung_fertig/Labor_3Vorbereitung.srcs/sources_1/imports/design/tasks/MINIuP_T7.vhd:218]
INFO: [Synth 8-638] synthesizing module 'Aux_AUXMUX' [E:/Labor_3Vorbereitung_fertig/Labor_3Vorbereitung.srcs/sources_1/imports/design/auxmodules/Aux_AUXMUX.vhd:24]
INFO: [Synth 8-256] done synthesizing module 'Aux_AUXMUX' (0#1) [E:/Labor_3Vorbereitung_fertig/Labor_3Vorbereitung.srcs/sources_1/imports/design/auxmodules/Aux_AUXMUX.vhd:24]
INFO: [Synth 8-3491] module 'Aux_NXS47Seg' declared at 'E:/Labor_3Vorbereitung_fertig/Labor_3Vorbereitung.srcs/sources_1/imports/auxmodules/Aux_NXS47Seg.vhd:19' bound to instance 'DEC7SEG' of component 'Aux_NXS47Seg' [E:/Labor_3Vorbereitung_fertig/Labor_3Vorbereitung.srcs/sources_1/imports/design/tasks/MINIuP_T7.vhd:220]
INFO: [Synth 8-638] synthesizing module 'Aux_NXS47Seg' [E:/Labor_3Vorbereitung_fertig/Labor_3Vorbereitung.srcs/sources_1/imports/auxmodules/Aux_NXS47Seg.vhd:33]
INFO: [Synth 8-226] default block is never used [E:/Labor_3Vorbereitung_fertig/Labor_3Vorbereitung.srcs/sources_1/imports/auxmodules/Aux_NXS47Seg.vhd:46]
INFO: [Synth 8-226] default block is never used [E:/Labor_3Vorbereitung_fertig/Labor_3Vorbereitung.srcs/sources_1/imports/auxmodules/Aux_NXS47Seg.vhd:82]
INFO: [Synth 8-256] done synthesizing module 'Aux_NXS47Seg' (0#1) [E:/Labor_3Vorbereitung_fertig/Labor_3Vorbereitung.srcs/sources_1/imports/auxmodules/Aux_NXS47Seg.vhd:33]
INFO: [Synth 8-256] done synthesizing module 'MINIuP_T7' (0#1) [E:/Labor_3Vorbereitung_fertig/Labor_3Vorbereitung.srcs/sources_1/imports/design/tasks/MINIuP_T7.vhd:33]
WARNING: [Synth 8-7129] Port LED[11] in module MINIuP_T7 is either unconnected or has no load
WARNING: [Synth 8-7129] Port LED[8] in module MINIuP_T7 is either unconnected or has no load
WARNING: [Synth 8-7129] Port SW[7] in module MINIuP_T7 is either unconnected or has no load
WARNING: [Synth 8-7129] Port SW[6] in module MINIuP_T7 is either unconnected or has no load
WARNING: [Synth 8-7129] Port SW[5] in module MINIuP_T7 is either unconnected or has no load
WARNING: [Synth 8-7129] Port SW[4] in module MINIuP_T7 is either unconnected or has no load
WARNING: [Synth 8-7129] Port SW[3] in module MINIuP_T7 is either unconnected or has no load
WARNING: [Synth 8-7129] Port SW[2] in module MINIuP_T7 is either unconnected or has no load
WARNING: [Synth 8-7129] Port SW[1] in module MINIuP_T7 is either unconnected or has no load
WARNING: [Synth 8-7129] Port BTNC in module MINIuP_T7 is either unconnected or has no load
WARNING: [Synth 8-7129] Port BTNL in module MINIuP_T7 is either unconnected or has no load
WARNING: [Synth 8-7129] Port BTNR in module MINIuP_T7 is either unconnected or has no load
WARNING: [Synth 8-7129] Port BTND in module MINIuP_T7 is either unconnected or has no load
WARNING: [Synth 8-7129] Port BTNU in module MINIuP_T7 is either unconnected or has no load
---------------------------------------------------------------------------------
Finished RTL Elaboration : Time (s): cpu = 00:00:04 ; elapsed = 00:00:05 . Memory (MB): peak = 1452.488 ; gain = 553.039
---------------------------------------------------------------------------------
---------------------------------------------------------------------------------
Start Handling Custom Attributes
---------------------------------------------------------------------------------
---------------------------------------------------------------------------------
Finished Handling Custom Attributes : Time (s): cpu = 00:00:04 ; elapsed = 00:00:05 . Memory (MB): peak = 1452.488 ; gain = 553.039
---------------------------------------------------------------------------------
---------------------------------------------------------------------------------
Finished RTL Optimization Phase 1 : Time (s): cpu = 00:00:04 ; elapsed = 00:00:05 . Memory (MB): peak = 1452.488 ; gain = 553.039
---------------------------------------------------------------------------------
Netlist sorting complete. Time (s): cpu = 00:00:00 ; elapsed = 00:00:00.006 . Memory (MB): peak = 1452.488 ; gain = 0.000
INFO: [Project 1-570] Preparing netlist for logic optimization

Processing XDC Constraints
Initializing timing engine
Parsing XDC File [E:/DigitaltechnikLabor2/MINIuP_VHDL_templates/templates/constraints/Nexys-4-DDR-Lab.xdc]
Finished Parsing XDC File [E:/DigitaltechnikLabor2/MINIuP_VHDL_templates/templates/constraints/Nexys-4-DDR-Lab.xdc]
INFO: [Project 1-236] Implementation specific constraints were found while reading constraint file [E:/DigitaltechnikLabor2/MINIuP_VHDL_templates/templates/constraints/Nexys-4-DDR-Lab.xdc]. These constraints will be ignored for synthesis but will be used in implementation. Impacted constraints are listed in the file [.Xil/MINIuP_T7_propImpl.xdc].
Resolution: To avoid this warning, move constraints listed in [.Xil/MINIuP_T7_propImpl.xdc] to another XDC file and exclude this new file from synthesis with the used_in_synthesis property (File Properties dialog in GUI) and re-run elaboration/synthesis.
Completed Processing XDC Constraints

Netlist sorting complete. Time (s): cpu = 00:00:00 ; elapsed = 00:00:00 . Memory (MB): peak = 1538.625 ; gain = 0.000
INFO: [Project 1-111] Unisim Transformation Summary:
No Unisim elements were transformed.

Das System kann den angegebenen Pfad nicht finden.
Constraint Validation Runtime : Time (s): cpu = 00:00:00 ; elapsed = 00:00:00.003 . Memory (MB): peak = 1538.625 ; gain = 0.000
INFO: [Designutils 20-5440] No compile time benefit to using incremental synthesis; A full resynthesis will be run
INFO: [Designutils 20-4379] Flow is switching to default flow due to incremental criteria not met. If you would like to alter this behaviour and have the flow terminate instead, please set the following parameter config_implementation {autoIncr.Synth.RejectBehavior Terminate}
---------------------------------------------------------------------------------
Finished Constraint Validation : Time (s): cpu = 00:00:09 ; elapsed = 00:00:11 . Memory (MB): peak = 1538.625 ; gain = 639.176
---------------------------------------------------------------------------------
---------------------------------------------------------------------------------
Start Loading Part and Timing Information
---------------------------------------------------------------------------------
Loading part: xc7a100tcsg324-1
---------------------------------------------------------------------------------
Finished Loading Part and Timing Information : Time (s): cpu = 00:00:09 ; elapsed = 00:00:11 . Memory (MB): peak = 1538.625 ; gain = 639.176
---------------------------------------------------------------------------------
---------------------------------------------------------------------------------
Start Applying 'set_property' XDC Constraints
---------------------------------------------------------------------------------
---------------------------------------------------------------------------------
Finished applying 'set_property' XDC Constraints : Time (s): cpu = 00:00:09 ; elapsed = 00:00:11 . Memory (MB): peak = 1538.625 ; gain = 639.176
---------------------------------------------------------------------------------
INFO: [Synth 8-802] inferred FSM for state register 'S_reg' in module 'CtrlUnitV3'
---------------------------------------------------------------------------------------------------
                   State |                     New Encoding |                Previous Encoding 
---------------------------------------------------------------------------------------------------
                      s0 |                             0001 |                               00
                      s1 |                             0010 |                               01
                      s3 |                             0100 |                               11
                      s2 |                             1000 |                               10
---------------------------------------------------------------------------------------------------
INFO: [Synth 8-3354] encoded FSM with state register 'S_reg' using encoding 'one-hot' in module 'CtrlUnitV3'
---------------------------------------------------------------------------------
Finished RTL Optimization Phase 2 : Time (s): cpu = 00:00:10 ; elapsed = 00:00:11 . Memory (MB): peak = 1538.625 ; gain = 639.176
---------------------------------------------------------------------------------
---------------------------------------------------------------------------------
Start RTL Component Statistics 
---------------------------------------------------------------------------------
Detailed RTL Component Info : 
+---Adders : 
	   2 Input   23 Bit       Adders := 1     
	   2 Input    9 Bit       Adders := 3     
	   3 Input    9 Bit       Adders := 1     
	   2 Input    8 Bit       Adders := 4     
	   2 Input    4 Bit       Adders := 1     
+---XORs : 
	   2 Input      8 Bit         XORs := 1     
	   2 Input      1 Bit         XORs := 1     
+---Registers : 
	               23 Bit    Registers := 1     
	               16 Bit    Registers := 2     
	                8 Bit    Registers := 3     
	                4 Bit    Registers := 1     
	                1 Bit    Registers := 2     
+---RAMs : 
	               2K Bit	(256 X 8 bit)          RAMs := 1     
+---Muxes : 
	   2 Input   23 Bit        Muxes := 1     
	   2 Input   16 Bit        Muxes := 1     
	   2 Input    8 Bit        Muxes := 19    
	  16 Input    8 Bit        Muxes := 2     
	   2 Input    4 Bit        Muxes := 1     
	   4 Input    4 Bit        Muxes := 1     
	   5 Input    4 Bit        Muxes := 1     
	  29 Input    4 Bit        Muxes := 1     
	   4 Input    2 Bit        Muxes := 1     
	   2 Input    1 Bit        Muxes := 3     
	   4 Input    1 Bit        Muxes := 1     
	  29 Input    1 Bit        Muxes := 5     
	   6 Input    1 Bit        Muxes := 1     
---------------------------------------------------------------------------------
Finished RTL Component Statistics 
---------------------------------------------------------------------------------
---------------------------------------------------------------------------------
Start Part Resource Summary
---------------------------------------------------------------------------------
Part Resources:
DSPs: 240 (col length:80)
BRAMs: 270 (col length: RAMB18 80 RAMB36 40)
---------------------------------------------------------------------------------
Finished Part Resource Summary
---------------------------------------------------------------------------------
---------------------------------------------------------------------------------
Start Cross Boundary and Area Optimization
---------------------------------------------------------------------------------
WARNING: [Synth 8-7080] Parallel synthesis criteria is not met
WARNING: [Synth 8-7129] Port LED[11] in module MINIuP_T7 is either unconnected or has no load
WARNING: [Synth 8-7129] Port LED[8] in module MINIuP_T7 is either unconnected or has no load
WARNING: [Synth 8-7129] Port SW[7] in module MINIuP_T7 is either unconnected or has no load
WARNING: [Synth 8-7129] Port SW[6] in module MINIuP_T7 is either unconnected or has no load
WARNING: [Synth 8-7129] Port SW[5] in module MINIuP_T7 is either unconnected or has no load
WARNING: [Synth 8-7129] Port SW[4] in module MINIuP_T7 is either unconnected or has no load
WARNING: [Synth 8-7129] Port SW[3] in module MINIuP_T7 is either unconnected or has no load
WARNING: [Synth 8-7129] Port SW[2] in module MINIuP_T7 is either unconnected or has no load
WARNING: [Synth 8-7129] Port SW[1] in module MINIuP_T7 is either unconnected or has no load
WARNING: [Synth 8-7129] Port BTNC in module MINIuP_T7 is either unconnected or has no load
WARNING: [Synth 8-7129] Port BTNL in module MINIuP_T7 is either unconnected or has no load
WARNING: [Synth 8-7129] Port BTNR in module MINIuP_T7 is either unconnected or has no load
WARNING: [Synth 8-7129] Port BTND in module MINIuP_T7 is either unconnected or has no load
WARNING: [Synth 8-7129] Port BTNU in module MINIuP_T7 is either unconnected or has no load
---------------------------------------------------------------------------------
Finished Cross Boundary and Area Optimization : Time (s): cpu = 00:00:13 ; elapsed = 00:00:14 . Memory (MB): peak = 1538.625 ; gain = 639.176
---------------------------------------------------------------------------------
---------------------------------------------------------------------------------
Start ROM, RAM, DSP, Shift Register and Retiming Reporting
---------------------------------------------------------------------------------

Block RAM: Preliminary Mapping Report (see note below)
+------------+---------------------+------------------------+---+---+------------------------+---+---+------------------+--------+--------+
|Module Name | RTL Object          | PORT A (Depth x Width) | W | R | PORT B (Depth x Width) | W | R | Ports driving FF | RAMB18 | RAMB36 | 
+------------+---------------------+------------------------+---+---+------------------------+---+---+------------------+--------+--------+
|MINIuP_T7   | BLOCKRAM/Memory_reg | 256 x 8(WRITE_FIRST)   | W | R |                        |   |   | Port A           | 1      | 0      | 
+------------+---------------------+------------------------+---+---+------------------------+---+---+------------------+--------+--------+

Note: The table above is a preliminary report that shows the Block RAMs at the current stage of the synthesis flow. Some Block RAMs may be reimplemented as non Block RAM primitives later in the synthesis flow. Multiple instantiated Block RAMs are reported only once. 
---------------------------------------------------------------------------------
Finished ROM, RAM, DSP, Shift Register and Retiming Reporting
---------------------------------------------------------------------------------
---------------------------------------------------------------------------------
Start Applying XDC Timing Constraints
---------------------------------------------------------------------------------
---------------------------------------------------------------------------------
Finished Applying XDC Timing Constraints : Time (s): cpu = 00:00:16 ; elapsed = 00:00:18 . Memory (MB): peak = 1538.625 ; gain = 639.176
---------------------------------------------------------------------------------
---------------------------------------------------------------------------------
Start Timing Optimization
---------------------------------------------------------------------------------
---------------------------------------------------------------------------------
Finished Timing Optimization : Time (s): cpu = 00:00:16 ; elapsed = 00:00:18 . Memory (MB): peak = 1538.625 ; gain = 639.176
---------------------------------------------------------------------------------
---------------------------------------------------------------------------------
Start ROM, RAM, DSP, Shift Register and Retiming Reporting
---------------------------------------------------------------------------------

Block RAM: Final Mapping Report
+------------+---------------------+------------------------+---+---+------------------------+---+---+------------------+--------+--------+
|Module Name | RTL Object          | PORT A (Depth x Width) | W | R | PORT B (Depth x Width) | W | R | Ports driving FF | RAMB18 | RAMB36 | 
+------------+---------------------+------------------------+---+---+------------------------+---+---+------------------+--------+--------+
|MINIuP_T7   | BLOCKRAM/Memory_reg | 256 x 8(WRITE_FIRST)   | W | R |                        |   |   | Port A           | 1      | 0      | 
+------------+---------------------+------------------------+---+---+------------------------+---+---+------------------+--------+--------+

---------------------------------------------------------------------------------
Finished ROM, RAM, DSP, Shift Register and Retiming Reporting
---------------------------------------------------------------------------------
---------------------------------------------------------------------------------
Start Technology Mapping
---------------------------------------------------------------------------------
INFO: [Synth 8-7052] The timing for the instance BLOCKRAM/Memory_reg (implemented as a Block RAM) might be sub-optimal as no optional output register could be merged into the ram block. Providing additional output register may help in improving timing.
---------------------------------------------------------------------------------
Finished Technology Mapping : Time (s): cpu = 00:00:17 ; elapsed = 00:00:18 . Memory (MB): peak = 1538.625 ; gain = 639.176
---------------------------------------------------------------------------------
---------------------------------------------------------------------------------
Start IO Insertion
---------------------------------------------------------------------------------
---------------------------------------------------------------------------------
Start Flattening Before IO Insertion
---------------------------------------------------------------------------------
---------------------------------------------------------------------------------
Finished Flattening Before IO Insertion
---------------------------------------------------------------------------------
---------------------------------------------------------------------------------
Start Final Netlist Cleanup
---------------------------------------------------------------------------------
---------------------------------------------------------------------------------
Finished Final Netlist Cleanup
---------------------------------------------------------------------------------
---------------------------------------------------------------------------------
Finished IO Insertion : Time (s): cpu = 00:00:19 ; elapsed = 00:00:21 . Memory (MB): peak = 1538.625 ; gain = 639.176
---------------------------------------------------------------------------------
---------------------------------------------------------------------------------
Start Renaming Generated Instances
---------------------------------------------------------------------------------
---------------------------------------------------------------------------------
Finished Renaming Generated Instances : Time (s): cpu = 00:00:19 ; elapsed = 00:00:21 . Memory (MB): peak = 1538.625 ; gain = 639.176
---------------------------------------------------------------------------------
---------------------------------------------------------------------------------
Start Rebuilding User Hierarchy
---------------------------------------------------------------------------------
---------------------------------------------------------------------------------
Finished Rebuilding User Hierarchy : Time (s): cpu = 00:00:19 ; elapsed = 00:00:21 . Memory (MB): peak = 1538.625 ; gain = 639.176
---------------------------------------------------------------------------------
---------------------------------------------------------------------------------
Start Renaming Generated Ports
---------------------------------------------------------------------------------
---------------------------------------------------------------------------------
Finished Renaming Generated Ports : Time (s): cpu = 00:00:19 ; elapsed = 00:00:21 . Memory (MB): peak = 1538.625 ; gain = 639.176
---------------------------------------------------------------------------------
---------------------------------------------------------------------------------
Start Handling Custom Attributes
---------------------------------------------------------------------------------
---------------------------------------------------------------------------------
Finished Handling Custom Attributes : Time (s): cpu = 00:00:19 ; elapsed = 00:00:21 . Memory (MB): peak = 1538.625 ; gain = 639.176
---------------------------------------------------------------------------------
---------------------------------------------------------------------------------
Start Renaming Generated Nets
---------------------------------------------------------------------------------
---------------------------------------------------------------------------------
Finished Renaming Generated Nets : Time (s): cpu = 00:00:19 ; elapsed = 00:00:21 . Memory (MB): peak = 1538.625 ; gain = 639.176
---------------------------------------------------------------------------------
---------------------------------------------------------------------------------
Start Writing Synthesis Report
---------------------------------------------------------------------------------

Report BlackBoxes: 
+-+--------------+----------+
| |BlackBox name |Instances |
+-+--------------+----------+
+-+--------------+----------+

Report Cell Usage: 
+------+---------+------+
|      |Cell     |Count |
+------+---------+------+
|1     |BUFG     |     1|
|2     |CARRY4   |    50|
|3     |LUT1     |     9|
|4     |LUT2     |    97|
|5     |LUT3     |    63|
|6     |LUT4     |    73|
|7     |LUT5     |    69|
|8     |LUT6     |   160|
|9     |MUXF7    |     7|
|10    |MUXF8    |     1|
|11    |RAMB18E1 |     1|
|12    |FDCE     |    85|
|13    |FDPE     |     3|
|14    |IBUF     |     3|
|15    |OBUF     |    30|
|16    |OBUFT    |     2|
+------+---------+------+
---------------------------------------------------------------------------------
Finished Writing Synthesis Report : Time (s): cpu = 00:00:19 ; elapsed = 00:00:21 . Memory (MB): peak = 1538.625 ; gain = 639.176
---------------------------------------------------------------------------------
Synthesis finished with 0 errors, 0 critical warnings and 15 warnings.
Synthesis Optimization Runtime : Time (s): cpu = 00:00:14 ; elapsed = 00:00:20 . Memory (MB): peak = 1538.625 ; gain = 553.039
Synthesis Optimization Complete : Time (s): cpu = 00:00:20 ; elapsed = 00:00:21 . Memory (MB): peak = 1538.625 ; gain = 639.176
INFO: [Project 1-571] Translating synthesized netlist
Netlist sorting complete. Time (s): cpu = 00:00:00 ; elapsed = 00:00:00.008 . Memory (MB): peak = 1538.625 ; gain = 0.000
INFO: [Netlist 29-17] Analyzing 59 Unisim elements for replacement
INFO: [Netlist 29-28] Unisim Transformation completed in 0 CPU seconds
INFO: [Project 1-570] Preparing netlist for logic optimization
INFO: [Opt 31-138] Pushed 1 inverter(s) to 1 load pin(s).
Netlist sorting complete. Time (s): cpu = 00:00:00 ; elapsed = 00:00:00 . Memory (MB): peak = 1538.625 ; gain = 0.000
INFO: [Project 1-111] Unisim Transformation Summary:
No Unisim elements were transformed.

Das System kann den angegebenen Pfad nicht finden.
Synth Design complete | Checksum: 88cd707e
INFO: [Common 17-83] Releasing license: Synthesis
77 Infos, 29 Warnings, 0 Critical Warnings and 0 Errors encountered.
synth_design completed successfully
synth_design: Time (s): cpu = 00:00:23 ; elapsed = 00:00:26 . Memory (MB): peak = 1538.625 ; gain = 1048.844
Write ShapeDB Complete: Time (s): cpu = 00:00:00 ; elapsed = 00:00:00.006 . Memory (MB): peak = 1538.625 ; gain = 0.000
INFO: [Common 17-1381] The checkpoint 'E:/Labor_3Vorbereitung_fertig/Labor_3Vorbereitung.runs/synth_1/MINIuP_T7.dcp' has been generated.
INFO: [runtcl-4] Executing : report_utilization -file MINIuP_T7_utilization_synth.rpt -pb MINIuP_T7_utilization_synth.pb
INFO: [Common 17-206] Exiting Vivado at Tue Jun  4 12:11:08 2024...
